<?xml version="1.0" encoding="UTF-8"?>
<!-- Generated by org.testng.reporters.JUnitXMLReporter -->
<testsuite ignored="0" hostname="LAPTOP-9060GQE8" failures="0" tests="3" name="ScenarioTesting" time="246.996" errors="0" timestamp="2021-08-04T17:49:38 IST">
  <testcase classname="com.PG.Tests.Anthropology" name="LoggingIn" time="10.852"/>
  <testcase classname="com.PG.Tests.Anthropology" name="AnthropologyWithAtleast45Percentage" time="142.3"/>
  <testcase classname="com.PG.Tests.Anthropology" name="AnthropologyWithLessThan45Percentage" time="90.188"/>
</testsuite> <!-- ScenarioTesting -->
